<?xml version="1.0" encoding="UTF-8"?>
<testng-results skipped="0" failed="0" total="1" passed="1">
  <reporter-output>
  </reporter-output>
  <suite name="Default suite" duration-ms="30441" started-at="2020-07-30T04:35:09Z" finished-at="2020-07-30T04:35:39Z">
    <groups>
    </groups>
    <test name="Default test" duration-ms="30441" started-at="2020-07-30T04:35:09Z" finished-at="2020-07-30T04:35:39Z">
      <class name="InterviewsGiven2020.Neosoft">
        <test-method status="PASS" signature="setUp()[pri:0, instance:InterviewsGiven2020.Neosoft@f97850]" name="setUp" is-config="true" duration-ms="20044" started-at="2020-07-30T10:05:09Z" finished-at="2020-07-30T10:05:29Z">
          <reporter-output>
          </reporter-output>
        </test-method> <!-- setUp -->
        <test-method status="PASS" signature="loginTest()[pri:0, instance:InterviewsGiven2020.Neosoft@f97850]" name="loginTest" duration-ms="10350" started-at="2020-07-30T10:05:29Z" finished-at="2020-07-30T10:05:39Z">
          <reporter-output>
          </reporter-output>
        </test-method> <!-- loginTest -->
        <test-method status="PASS" signature="tearDown()[pri:0, instance:InterviewsGiven2020.Neosoft@f97850]" name="tearDown" is-config="true" duration-ms="0" started-at="2020-07-30T10:05:39Z" finished-at="2020-07-30T10:05:39Z">
          <reporter-output>
          </reporter-output>
        </test-method> <!-- tearDown -->
      </class> <!-- InterviewsGiven2020.Neosoft -->
    </test> <!-- Default test -->
  </suite> <!-- Default suite -->
</testng-results>
